{"/Users/yagneshmodh/Documents/projects/mitsit_react/src/Todo/TodoFilter.tsx": {"path":"/Users/yagneshmodh/Documents/projects/mitsit_react/src/Todo/TodoFilter.tsx","statementMap":{"0":{"start":{"line":10,"column":19},"end":{"line":44,"column":1}},"1":{"start":{"line":13,"column":2},"end":{"line":43,"column":4}},"2":{"start":{"line":16,"column":23},"end":{"line":16,"column":40}},"3":{"start":{"line":25,"column":23},"end":{"line":25,"column":44}},"4":{"start":{"line":34,"column":23},"end":{"line":34,"column":46}}},"fnMap":{"0":{"name":"(anonymous_0)","decl":{"start":{"line":10,"column":19},"end":{"line":10,"column":20}},"loc":{"start":{"line":10,"column":58},"end":{"line":44,"column":1}},"line":10},"1":{"name":"(anonymous_1)","decl":{"start":{"line":16,"column":17},"end":{"line":16,"column":18}},"loc":{"start":{"line":16,"column":23},"end":{"line":16,"column":40}},"line":16},"2":{"name":"(anonymous_2)","decl":{"start":{"line":25,"column":17},"end":{"line":25,"column":18}},"loc":{"start":{"line":25,"column":23},"end":{"line":25,"column":44}},"line":25},"3":{"name":"(anonymous_3)","decl":{"start":{"line":34,"column":17},"end":{"line":34,"column":18}},"loc":{"start":{"line":34,"column":23},"end":{"line":34,"column":46}},"line":34}},"branchMap":{},"s":{"0":1,"1":9,"2":0,"3":0,"4":0},"f":{"0":9,"1":0,"2":0,"3":0},"b":{},"_coverageSchema":"1a1c01bbd47fc00a2c39e90264f33305004495a9","hash":"b65deb099f8587f99be0c7368e79200c455d956e"}
,"/Users/yagneshmodh/Documents/projects/mitsit_react/src/Todo/TodoItem.tsx": {"path":"/Users/yagneshmodh/Documents/projects/mitsit_react/src/Todo/TodoItem.tsx","statementMap":{"0":{"start":{"line":13,"column":17},"end":{"line":47,"column":1}},"1":{"start":{"line":16,"column":2},"end":{"line":46,"column":4}},"2":{"start":{"line":27,"column":10},"end":{"line":27,"column":33}},"3":{"start":{"line":41,"column":23},"end":{"line":41,"column":43}}},"fnMap":{"0":{"name":"(anonymous_0)","decl":{"start":{"line":13,"column":17},"end":{"line":13,"column":18}},"loc":{"start":{"line":13,"column":76},"end":{"line":47,"column":1}},"line":13},"1":{"name":"(anonymous_1)","decl":{"start":{"line":26,"column":18},"end":{"line":26,"column":19}},"loc":{"start":{"line":26,"column":24},"end":{"line":28,"column":9}},"line":26},"2":{"name":"(anonymous_2)","decl":{"start":{"line":41,"column":17},"end":{"line":41,"column":18}},"loc":{"start":{"line":41,"column":23},"end":{"line":41,"column":43}},"line":41}},"branchMap":{"0":{"loc":{"start":{"line":24,"column":18},"end":{"line":24,"column":78}},"type":"binary-expr","locations":[{"start":{"line":24,"column":18},"end":{"line":24,"column":48}},{"start":{"line":24,"column":52},"end":{"line":24,"column":78}}],"line":24},"1":{"loc":{"start":{"line":39,"column":18},"end":{"line":39,"column":78}},"type":"binary-expr","locations":[{"start":{"line":39,"column":18},"end":{"line":39,"column":48}},{"start":{"line":39,"column":52},"end":{"line":39,"column":78}}],"line":39}},"s":{"0":2,"1":11,"2":1,"3":1},"f":{"0":11,"1":1,"2":1},"b":{"0":[11,1],"1":[11,1]},"_coverageSchema":"1a1c01bbd47fc00a2c39e90264f33305004495a9","hash":"51173109556079c32e462cd1827d9f139b203c48"}
,"/Users/yagneshmodh/Documents/projects/mitsit_react/src/Todo/TodoList.tsx": {"path":"/Users/yagneshmodh/Documents/projects/mitsit_react/src/Todo/TodoList.tsx","statementMap":{"0":{"start":{"line":13,"column":17},"end":{"line":31,"column":1}},"1":{"start":{"line":16,"column":2},"end":{"line":30,"column":4}},"2":{"start":{"line":19,"column":8},"end":{"line":27,"column":10}},"3":{"start":{"line":25,"column":39},"end":{"line":25,"column":55}}},"fnMap":{"0":{"name":"(anonymous_0)","decl":{"start":{"line":13,"column":17},"end":{"line":13,"column":18}},"loc":{"start":{"line":13,"column":76},"end":{"line":31,"column":1}},"line":13},"1":{"name":"(anonymous_1)","decl":{"start":{"line":18,"column":20},"end":{"line":18,"column":21}},"loc":{"start":{"line":18,"column":30},"end":{"line":28,"column":7}},"line":18},"2":{"name":"(anonymous_2)","decl":{"start":{"line":25,"column":32},"end":{"line":25,"column":33}},"loc":{"start":{"line":25,"column":39},"end":{"line":25,"column":55}},"line":25}},"branchMap":{},"s":{"0":1,"1":11,"2":5,"3":0},"f":{"0":11,"1":5,"2":0},"b":{},"_coverageSchema":"1a1c01bbd47fc00a2c39e90264f33305004495a9","hash":"53d9c06c9af4e5c3d4ee083a95ce21ee38cc854a"}
,"/Users/yagneshmodh/Documents/projects/mitsit_react/src/Todo/index.tsx": {"path":"/Users/yagneshmodh/Documents/projects/mitsit_react/src/Todo/index.tsx","statementMap":{"0":{"start":{"line":16,"column":23},"end":{"line":62,"column":1}},"1":{"start":{"line":17,"column":19},"end":{"line":17,"column":67}},"2":{"start":{"line":27,"column":6},"end":{"line":27,"column":23}},"3":{"start":{"line":29,"column":2},"end":{"line":31,"column":9}},"4":{"start":{"line":30,"column":4},"end":{"line":30,"column":20}},"5":{"start":{"line":33,"column":25},"end":{"line":33,"column":70}},"6":{"start":{"line":33,"column":47},"end":{"line":33,"column":69}},"7":{"start":{"line":35,"column":2},"end":{"line":37,"column":3}},"8":{"start":{"line":36,"column":4},"end":{"line":36,"column":55}},"9":{"start":{"line":39,"column":2},"end":{"line":41,"column":3}},"10":{"start":{"line":40,"column":4},"end":{"line":40,"column":80}},"11":{"start":{"line":43,"column":2},"end":{"line":61,"column":4}},"12":{"start":{"line":49,"column":38},"end":{"line":49,"column":59}},"13":{"start":{"line":56,"column":17},"end":{"line":56,"column":69}}},"fnMap":{"0":{"name":"(anonymous_0)","decl":{"start":{"line":16,"column":23},"end":{"line":16,"column":24}},"loc":{"start":{"line":16,"column":29},"end":{"line":62,"column":1}},"line":16},"1":{"name":"(anonymous_1)","decl":{"start":{"line":29,"column":12},"end":{"line":29,"column":13}},"loc":{"start":{"line":29,"column":18},"end":{"line":31,"column":3}},"line":29},"2":{"name":"(anonymous_2)","decl":{"start":{"line":33,"column":40},"end":{"line":33,"column":41}},"loc":{"start":{"line":33,"column":47},"end":{"line":33,"column":69}},"line":33},"3":{"name":"(anonymous_3)","decl":{"start":{"line":49,"column":31},"end":{"line":49,"column":32}},"loc":{"start":{"line":49,"column":38},"end":{"line":49,"column":59}},"line":49},"4":{"name":"(anonymous_4)","decl":{"start":{"line":56,"column":10},"end":{"line":56,"column":11}},"loc":{"start":{"line":56,"column":17},"end":{"line":56,"column":69}},"line":56}},"branchMap":{"0":{"loc":{"start":{"line":35,"column":2},"end":{"line":37,"column":3}},"type":"if","locations":[{"start":{"line":35,"column":2},"end":{"line":37,"column":3}},{"start":{},"end":{}}],"line":35},"1":{"loc":{"start":{"line":35,"column":6},"end":{"line":35,"column":58}},"type":"binary-expr","locations":[{"start":{"line":35,"column":6},"end":{"line":35,"column":20}},{"start":{"line":35,"column":24},"end":{"line":35,"column":58}}],"line":35},"2":{"loc":{"start":{"line":39,"column":2},"end":{"line":41,"column":3}},"type":"if","locations":[{"start":{"line":39,"column":2},"end":{"line":41,"column":3}},{"start":{},"end":{}}],"line":39},"3":{"loc":{"start":{"line":39,"column":6},"end":{"line":39,"column":56}},"type":"binary-expr","locations":[{"start":{"line":39,"column":6},"end":{"line":39,"column":20}},{"start":{"line":39,"column":24},"end":{"line":39,"column":56}}],"line":39},"4":{"loc":{"start":{"line":56,"column":17},"end":{"line":56,"column":69}},"type":"binary-expr","locations":[{"start":{"line":56,"column":17},"end":{"line":56,"column":41}},{"start":{"line":56,"column":45},"end":{"line":56,"column":69}}],"line":56}},"s":{"0":1,"1":24,"2":23,"3":23,"4":7,"5":23,"6":13,"7":23,"8":7,"9":16,"10":5,"11":11,"12":1,"13":1},"f":{"0":24,"1":7,"2":13,"3":1,"4":1},"b":{"0":[7,16],"1":[23,12],"2":[5,11],"3":[16,5],"4":[1,1]},"_coverageSchema":"1a1c01bbd47fc00a2c39e90264f33305004495a9","hash":"141672d5f59bcff8f4a08267016e6b076df79737"}
,"/Users/yagneshmodh/Documents/projects/mitsit_react/src/Todo/todoForm.tsx": {"path":"/Users/yagneshmodh/Documents/projects/mitsit_react/src/Todo/todoForm.tsx","statementMap":{"0":{"start":{"line":11,"column":17},"end":{"line":41,"column":2}},"1":{"start":{"line":14,"column":2},"end":{"line":40,"column":4}},"2":{"start":{"line":43,"column":0},"end":{"line":43,"column":34}}},"fnMap":{"0":{"name":"(anonymous_0)","decl":{"start":{"line":11,"column":40},"end":{"line":11,"column":41}},"loc":{"start":{"line":11,"column":71},"end":{"line":41,"column":1}},"line":11}},"branchMap":{"0":{"loc":{"start":{"line":33,"column":18},"end":{"line":33,"column":54}},"type":"binary-expr","locations":[{"start":{"line":33,"column":18},"end":{"line":33,"column":24}},{"start":{"line":33,"column":28},"end":{"line":33,"column":54}}],"line":33}},"s":{"0":1,"1":11,"2":1},"f":{"0":11},"b":{"0":[11,1]},"_coverageSchema":"1a1c01bbd47fc00a2c39e90264f33305004495a9","hash":"b8c88a0815a64fed40fa4981de755f9eebd237d1"}
,"/Users/yagneshmodh/Documents/projects/mitsit_react/src/hooks/useTodo.ts": {"path":"/Users/yagneshmodh/Documents/projects/mitsit_react/src/hooks/useTodo.ts","statementMap":{"0":{"start":{"line":6,"column":16},"end":{"line":170,"column":1}},"1":{"start":{"line":7,"column":58},"end":{"line":10,"column":3}},"2":{"start":{"line":12,"column":19},"end":{"line":41,"column":8}},"3":{"start":{"line":13,"column":17},"end":{"line":13,"column":28}},"4":{"start":{"line":14,"column":4},"end":{"line":40,"column":5}},"5":{"start":{"line":15,"column":6},"end":{"line":18,"column":9}},"6":{"start":{"line":20,"column":16},"end":{"line":20,"column":26}},"7":{"start":{"line":21,"column":6},"end":{"line":23,"column":7}},"8":{"start":{"line":22,"column":8},"end":{"line":22,"column":52}},"9":{"start":{"line":24,"column":18},"end":{"line":24,"column":62}},"10":{"start":{"line":25,"column":6},"end":{"line":30,"column":9}},"11":{"start":{"line":32,"column":6},"end":{"line":39,"column":9}},"12":{"start":{"line":43,"column":23},"end":{"line":81,"column":8}},"13":{"start":{"line":44,"column":17},"end":{"line":44,"column":30}},"14":{"start":{"line":45,"column":4},"end":{"line":80,"column":5}},"15":{"start":{"line":46,"column":6},"end":{"line":53,"column":9}},"16":{"start":{"line":54,"column":18},"end":{"line":60,"column":7}},"17":{"start":{"line":61,"column":6},"end":{"line":69,"column":9}},"18":{"start":{"line":71,"column":6},"end":{"line":79,"column":9}},"19":{"start":{"line":83,"column":21},"end":{"line":115,"column":8}},"20":{"start":{"line":84,"column":17},"end":{"line":84,"column":30}},"21":{"start":{"line":85,"column":4},"end":{"line":114,"column":5}},"22":{"start":{"line":86,"column":6},"end":{"line":93,"column":9}},"23":{"start":{"line":94,"column":6},"end":{"line":94,"column":60}},"24":{"start":{"line":95,"column":6},"end":{"line":103,"column":9}},"25":{"start":{"line":105,"column":6},"end":{"line":113,"column":9}},"26":{"start":{"line":117,"column":19},"end":{"line":159,"column":3}},"27":{"start":{"line":119,"column":19},"end":{"line":119,"column":29}},"28":{"start":{"line":120,"column":6},"end":{"line":156,"column":7}},"29":{"start":{"line":121,"column":8},"end":{"line":121,"column":31}},"30":{"start":{"line":122,"column":21},"end":{"line":122,"column":44}},"31":{"start":{"line":123,"column":8},"end":{"line":144,"column":9}},"32":{"start":{"line":124,"column":10},"end":{"line":130,"column":13}},"33":{"start":{"line":131,"column":22},"end":{"line":134,"column":12}},"34":{"start":{"line":135,"column":10},"end":{"line":142,"column":13}},"35":{"start":{"line":143,"column":10},"end":{"line":143,"column":38}},"36":{"start":{"line":146,"column":8},"end":{"line":146,"column":27}},"37":{"start":{"line":148,"column":8},"end":{"line":155,"column":11}},"38":{"start":{"line":161,"column":2},"end":{"line":169,"column":4}}},"fnMap":{"0":{"name":"(anonymous_0)","decl":{"start":{"line":6,"column":16},"end":{"line":6,"column":17}},"loc":{"start":{"line":6,"column":72},"end":{"line":170,"column":1}},"line":6},"1":{"name":"(anonymous_1)","decl":{"start":{"line":12,"column":37},"end":{"line":12,"column":38}},"loc":{"start":{"line":12,"column":63},"end":{"line":41,"column":3}},"line":12},"2":{"name":"(anonymous_2)","decl":{"start":{"line":43,"column":41},"end":{"line":43,"column":42}},"loc":{"start":{"line":43,"column":75},"end":{"line":81,"column":3}},"line":43},"3":{"name":"(anonymous_3)","decl":{"start":{"line":83,"column":39},"end":{"line":83,"column":40}},"loc":{"start":{"line":83,"column":73},"end":{"line":115,"column":3}},"line":83},"4":{"name":"(anonymous_4)","decl":{"start":{"line":118,"column":4},"end":{"line":118,"column":5}},"loc":{"start":{"line":118,"column":55},"end":{"line":157,"column":5}},"line":118}},"branchMap":{"0":{"loc":{"start":{"line":21,"column":6},"end":{"line":23,"column":7}},"type":"if","locations":[{"start":{"line":21,"column":6},"end":{"line":23,"column":7}},{"start":{},"end":{}}],"line":21},"1":{"loc":{"start":{"line":123,"column":8},"end":{"line":144,"column":9}},"type":"if","locations":[{"start":{"line":123,"column":8},"end":{"line":144,"column":9}},{"start":{},"end":{}}],"line":123}},"s":{"0":1,"1":23,"2":23,"3":7,"4":7,"5":7,"6":7,"7":7,"8":0,"9":7,"10":2,"11":5,"12":23,"13":0,"14":0,"15":0,"16":0,"17":0,"18":0,"19":23,"20":0,"21":0,"22":0,"23":0,"24":0,"25":0,"26":23,"27":1,"28":1,"29":1,"30":1,"31":1,"32":1,"33":1,"34":1,"35":1,"36":0,"37":0,"38":23},"f":{"0":23,"1":7,"2":0,"3":0,"4":1},"b":{"0":[0,7],"1":[1,0]},"_coverageSchema":"1a1c01bbd47fc00a2c39e90264f33305004495a9","hash":"82b85f96f5d89472021ea25fa8b50dbadb30ac57"}
,"/Users/yagneshmodh/Documents/projects/mitsit_react/src/reducers/todoReducer.ts": {"path":"/Users/yagneshmodh/Documents/projects/mitsit_react/src/reducers/todoReducer.ts","statementMap":{"0":{"start":{"line":15,"column":45},"end":{"line":19,"column":1}},"1":{"start":{"line":135,"column":2},"end":{"line":214,"column":3}},"2":{"start":{"line":140,"column":24},"end":{"line":143,"column":44}},"3":{"start":{"line":144,"column":6},"end":{"line":144,"column":70}},"4":{"start":{"line":148,"column":6},"end":{"line":155,"column":8}},"5":{"start":{"line":153,"column":17},"end":{"line":153,"column":69}},"6":{"start":{"line":159,"column":6},"end":{"line":165,"column":8}},"7":{"start":{"line":163,"column":17},"end":{"line":163,"column":69}},"8":{"start":{"line":169,"column":20},"end":{"line":169,"column":74}},"9":{"start":{"line":169,"column":52},"end":{"line":169,"column":73}},"10":{"start":{"line":170,"column":6},"end":{"line":180,"column":8}},"11":{"start":{"line":178,"column":17},"end":{"line":178,"column":69}},"12":{"start":{"line":184,"column":20},"end":{"line":184,"column":74}},"13":{"start":{"line":184,"column":52},"end":{"line":184,"column":73}},"14":{"start":{"line":185,"column":6},"end":{"line":194,"column":8}},"15":{"start":{"line":192,"column":17},"end":{"line":192,"column":69}},"16":{"start":{"line":202,"column":6},"end":{"line":210,"column":8}},"17":{"start":{"line":205,"column":10},"end":{"line":207,"column":11}},"18":{"start":{"line":206,"column":12},"end":{"line":206,"column":77}},"19":{"start":{"line":208,"column":10},"end":{"line":208,"column":19}},"20":{"start":{"line":213,"column":6},"end":{"line":213,"column":19}}},"fnMap":{"0":{"name":"(anonymous_0)","decl":{"start":{"line":131,"column":15},"end":{"line":131,"column":16}},"loc":{"start":{"line":134,"column":20},"end":{"line":215,"column":1}},"line":134},"1":{"name":"(anonymous_1)","decl":{"start":{"line":153,"column":10},"end":{"line":153,"column":11}},"loc":{"start":{"line":153,"column":17},"end":{"line":153,"column":69}},"line":153},"2":{"name":"(anonymous_2)","decl":{"start":{"line":163,"column":10},"end":{"line":163,"column":11}},"loc":{"start":{"line":163,"column":17},"end":{"line":163,"column":69}},"line":163},"3":{"name":"(anonymous_3)","decl":{"start":{"line":169,"column":45},"end":{"line":169,"column":46}},"loc":{"start":{"line":169,"column":52},"end":{"line":169,"column":73}},"line":169},"4":{"name":"(anonymous_4)","decl":{"start":{"line":178,"column":10},"end":{"line":178,"column":11}},"loc":{"start":{"line":178,"column":17},"end":{"line":178,"column":69}},"line":178},"5":{"name":"(anonymous_5)","decl":{"start":{"line":184,"column":45},"end":{"line":184,"column":46}},"loc":{"start":{"line":184,"column":52},"end":{"line":184,"column":73}},"line":184},"6":{"name":"(anonymous_6)","decl":{"start":{"line":192,"column":10},"end":{"line":192,"column":11}},"loc":{"start":{"line":192,"column":17},"end":{"line":192,"column":69}},"line":192},"7":{"name":"(anonymous_7)","decl":{"start":{"line":204,"column":39},"end":{"line":204,"column":40}},"loc":{"start":{"line":204,"column":46},"end":{"line":209,"column":9}},"line":204}},"branchMap":{"0":{"loc":{"start":{"line":135,"column":2},"end":{"line":214,"column":3}},"type":"switch","locations":[{"start":{"line":136,"column":4},"end":{"line":136,"column":29}},{"start":{"line":137,"column":4},"end":{"line":137,"column":28}},{"start":{"line":138,"column":4},"end":{"line":138,"column":31}},{"start":{"line":139,"column":4},"end":{"line":145,"column":5}},{"start":{"line":147,"column":4},"end":{"line":156,"column":5}},{"start":{"line":158,"column":4},"end":{"line":166,"column":5}},{"start":{"line":168,"column":4},"end":{"line":181,"column":5}},{"start":{"line":183,"column":4},"end":{"line":195,"column":5}},{"start":{"line":197,"column":4},"end":{"line":197,"column":26}},{"start":{"line":198,"column":4},"end":{"line":198,"column":25}},{"start":{"line":199,"column":4},"end":{"line":199,"column":25}},{"start":{"line":200,"column":4},"end":{"line":200,"column":28}},{"start":{"line":201,"column":4},"end":{"line":210,"column":8}},{"start":{"line":212,"column":4},"end":{"line":213,"column":19}}],"line":135},"1":{"loc":{"start":{"line":153,"column":19},"end":{"line":153,"column":68}},"type":"binary-expr","locations":[{"start":{"line":153,"column":19},"end":{"line":153,"column":43}},{"start":{"line":153,"column":47},"end":{"line":153,"column":68}}],"line":153},"2":{"loc":{"start":{"line":163,"column":19},"end":{"line":163,"column":68}},"type":"binary-expr","locations":[{"start":{"line":163,"column":19},"end":{"line":163,"column":43}},{"start":{"line":163,"column":47},"end":{"line":163,"column":68}}],"line":163},"3":{"loc":{"start":{"line":178,"column":19},"end":{"line":178,"column":68}},"type":"binary-expr","locations":[{"start":{"line":178,"column":19},"end":{"line":178,"column":43}},{"start":{"line":178,"column":47},"end":{"line":178,"column":68}}],"line":178},"4":{"loc":{"start":{"line":192,"column":19},"end":{"line":192,"column":68}},"type":"binary-expr","locations":[{"start":{"line":192,"column":19},"end":{"line":192,"column":43}},{"start":{"line":192,"column":47},"end":{"line":192,"column":68}}],"line":192},"5":{"loc":{"start":{"line":205,"column":10},"end":{"line":207,"column":11}},"type":"if","locations":[{"start":{"line":205,"column":10},"end":{"line":207,"column":11}},{"start":{},"end":{}}],"line":205},"6":{"loc":{"start":{"line":205,"column":14},"end":{"line":205,"column":64}},"type":"binary-expr","locations":[{"start":{"line":205,"column":14},"end":{"line":205,"column":39}},{"start":{"line":205,"column":43},"end":{"line":205,"column":64}}],"line":205}},"s":{"0":1,"1":16,"2":8,"3":8,"4":2,"5":2,"6":1,"7":1,"8":0,"9":0,"10":0,"11":0,"12":0,"13":0,"14":0,"15":0,"16":5,"17":5,"18":5,"19":0,"20":0},"f":{"0":16,"1":2,"2":1,"3":0,"4":0,"5":0,"6":0,"7":5},"b":{"0":[7,8,8,8,2,1,0,0,5,5,5,5,5,0],"1":[2,2],"2":[1,1],"3":[0,0],"4":[0,0],"5":[5,0],"6":[5,5]},"_coverageSchema":"1a1c01bbd47fc00a2c39e90264f33305004495a9","hash":"4012a4b24a8036fb5a4a1dced2e1057b813b0f9f"}
,"/Users/yagneshmodh/Documents/projects/mitsit_react/src/utils/axiosInstance.ts": {"path":"/Users/yagneshmodh/Documents/projects/mitsit_react/src/utils/axiosInstance.ts","statementMap":{"0":{"start":{"line":3,"column":22},"end":{"line":7,"column":2}}},"fnMap":{},"branchMap":{},"s":{"0":1},"f":{},"b":{},"_coverageSchema":"1a1c01bbd47fc00a2c39e90264f33305004495a9","hash":"dd0c7da5ef9bfea057c24b238fd3575dad77e787"}
}
