{"/Users/yagneshmodh/Documents/projects/mitsit_react/src/Todo/TodoItem.tsx": {"path":"/Users/yagneshmodh/Documents/projects/mitsit_react/src/Todo/TodoItem.tsx","statementMap":{"0":{"start":{"line":13,"column":17},"end":{"line":47,"column":1}},"1":{"start":{"line":16,"column":2},"end":{"line":46,"column":4}},"2":{"start":{"line":27,"column":10},"end":{"line":27,"column":33}},"3":{"start":{"line":41,"column":23},"end":{"line":41,"column":43}}},"fnMap":{"0":{"name":"(anonymous_0)","decl":{"start":{"line":13,"column":17},"end":{"line":13,"column":18}},"loc":{"start":{"line":13,"column":76},"end":{"line":47,"column":1}},"line":13},"1":{"name":"(anonymous_1)","decl":{"start":{"line":26,"column":18},"end":{"line":26,"column":19}},"loc":{"start":{"line":26,"column":24},"end":{"line":28,"column":9}},"line":26},"2":{"name":"(anonymous_2)","decl":{"start":{"line":41,"column":17},"end":{"line":41,"column":18}},"loc":{"start":{"line":41,"column":23},"end":{"line":41,"column":43}},"line":41}},"branchMap":{"0":{"loc":{"start":{"line":24,"column":18},"end":{"line":24,"column":78}},"type":"binary-expr","locations":[{"start":{"line":24,"column":18},"end":{"line":24,"column":48}},{"start":{"line":24,"column":52},"end":{"line":24,"column":78}}],"line":24},"1":{"loc":{"start":{"line":39,"column":18},"end":{"line":39,"column":78}},"type":"binary-expr","locations":[{"start":{"line":39,"column":18},"end":{"line":39,"column":48}},{"start":{"line":39,"column":52},"end":{"line":39,"column":78}}],"line":39}},"s":{"0":1,"1":7,"2":1,"3":1},"f":{"0":7,"1":1,"2":1},"b":{"0":[7,1],"1":[7,1]},"_coverageSchema":"1a1c01bbd47fc00a2c39e90264f33305004495a9","hash":"51173109556079c32e462cd1827d9f139b203c48"}
}
