TN:
SF:src/Todo/TodoFilter.tsx
FN:10,(anonymous_0)
FN:16,(anonymous_1)
FN:25,(anonymous_2)
FN:34,(anonymous_3)
FNF:4
FNH:1
FNDA:9,(anonymous_0)
FNDA:0,(anonymous_1)
FNDA:0,(anonymous_2)
FNDA:0,(anonymous_3)
DA:10,1
DA:13,9
DA:16,0
DA:25,0
DA:34,0
LF:5
LH:2
BRF:0
BRH:0
end_of_record
TN:
SF:src/Todo/TodoItem.tsx
FN:13,(anonymous_0)
FN:26,(anonymous_1)
FN:41,(anonymous_2)
FNF:3
FNH:3
FNDA:11,(anonymous_0)
FNDA:1,(anonymous_1)
FNDA:1,(anonymous_2)
DA:13,2
DA:16,11
DA:27,1
DA:41,1
LF:4
LH:4
BRDA:24,0,0,11
BRDA:24,0,1,1
BRDA:39,1,0,11
BRDA:39,1,1,1
BRF:4
BRH:4
end_of_record
TN:
SF:src/Todo/TodoList.tsx
FN:13,(anonymous_0)
FN:18,(anonymous_1)
FN:25,(anonymous_2)
FNF:3
FNH:2
FNDA:11,(anonymous_0)
FNDA:5,(anonymous_1)
FNDA:0,(anonymous_2)
DA:13,1
DA:16,11
DA:19,5
DA:25,0
LF:4
LH:3
BRF:0
BRH:0
end_of_record
TN:
SF:src/Todo/index.tsx
FN:16,(anonymous_0)
FN:29,(anonymous_1)
FN:33,(anonymous_2)
FN:49,(anonymous_3)
FN:56,(anonymous_4)
FNF:5
FNH:5
FNDA:24,(anonymous_0)
FNDA:7,(anonymous_1)
FNDA:13,(anonymous_2)
FNDA:1,(anonymous_3)
FNDA:1,(anonymous_4)
DA:16,1
DA:17,24
DA:27,23
DA:29,23
DA:30,7
DA:33,23
DA:35,23
DA:36,7
DA:39,16
DA:40,5
DA:43,11
DA:49,1
DA:56,1
LF:13
LH:13
BRDA:35,0,0,7
BRDA:35,0,1,16
BRDA:35,1,0,23
BRDA:35,1,1,12
BRDA:39,2,0,5
BRDA:39,2,1,11
BRDA:39,3,0,16
BRDA:39,3,1,5
BRDA:56,4,0,1
BRDA:56,4,1,1
BRF:10
BRH:10
end_of_record
TN:
SF:src/Todo/todoForm.tsx
FN:11,(anonymous_0)
FNF:1
FNH:1
FNDA:11,(anonymous_0)
DA:11,1
DA:14,11
DA:43,1
LF:3
LH:3
BRDA:33,0,0,11
BRDA:33,0,1,1
BRF:2
BRH:2
end_of_record
TN:
SF:src/hooks/useTodo.ts
FN:6,(anonymous_0)
FN:12,(anonymous_1)
FN:43,(anonymous_2)
FN:83,(anonymous_3)
FN:118,(anonymous_4)
FNF:5
FNH:3
FNDA:23,(anonymous_0)
FNDA:7,(anonymous_1)
FNDA:0,(anonymous_2)
FNDA:0,(anonymous_3)
FNDA:1,(anonymous_4)
DA:6,1
DA:7,23
DA:12,23
DA:13,7
DA:14,7
DA:15,7
DA:20,7
DA:21,7
DA:22,0
DA:24,7
DA:25,2
DA:32,5
DA:43,23
DA:44,0
DA:45,0
DA:46,0
DA:54,0
DA:61,0
DA:71,0
DA:83,23
DA:84,0
DA:85,0
DA:86,0
DA:94,0
DA:95,0
DA:105,0
DA:117,23
DA:119,1
DA:120,1
DA:121,1
DA:122,1
DA:123,1
DA:124,1
DA:131,1
DA:135,1
DA:143,1
DA:146,0
DA:148,0
DA:161,23
LF:39
LH:24
BRDA:21,0,0,0
BRDA:21,0,1,7
BRDA:123,1,0,1
BRDA:123,1,1,0
BRF:4
BRH:2
end_of_record
TN:
SF:src/reducers/todoReducer.ts
FN:131,(anonymous_0)
FN:153,(anonymous_1)
FN:163,(anonymous_2)
FN:169,(anonymous_3)
FN:178,(anonymous_4)
FN:184,(anonymous_5)
FN:192,(anonymous_6)
FN:204,(anonymous_7)
FNF:8
FNH:4
FNDA:16,(anonymous_0)
FNDA:2,(anonymous_1)
FNDA:1,(anonymous_2)
FNDA:0,(anonymous_3)
FNDA:0,(anonymous_4)
FNDA:0,(anonymous_5)
FNDA:0,(anonymous_6)
FNDA:5,(anonymous_7)
DA:15,1
DA:135,16
DA:140,8
DA:144,8
DA:148,2
DA:153,2
DA:159,1
DA:163,1
DA:169,0
DA:170,0
DA:178,0
DA:184,0
DA:185,0
DA:192,0
DA:202,5
DA:205,5
DA:206,5
DA:208,0
DA:213,0
LF:19
LH:11
BRDA:135,0,0,7
BRDA:135,0,1,8
BRDA:135,0,2,8
BRDA:135,0,3,8
BRDA:135,0,4,2
BRDA:135,0,5,1
BRDA:135,0,6,0
BRDA:135,0,7,0
BRDA:135,0,8,5
BRDA:135,0,9,5
BRDA:135,0,10,5
BRDA:135,0,11,5
BRDA:135,0,12,5
BRDA:135,0,13,0
BRDA:153,1,0,2
BRDA:153,1,1,2
BRDA:163,2,0,1
BRDA:163,2,1,1
BRDA:178,3,0,0
BRDA:178,3,1,0
BRDA:192,4,0,0
BRDA:192,4,1,0
BRDA:205,5,0,5
BRDA:205,5,1,0
BRDA:205,6,0,5
BRDA:205,6,1,5
BRF:26
BRH:18
end_of_record
TN:
SF:src/utils/axiosInstance.ts
FNF:0
FNH:0
DA:3,1
LF:1
LH:1
BRF:0
BRH:0
end_of_record
